<?xml version="1.0" encoding="UTF-8"?>
<!-- Generated by org.testng.reporters.JUnitReportReporter -->
<testsuite hostname="DESKTOP-30FNJH5" name="pkg1.CLass1" tests="1" failures="0" timestamp="29 Apr 2020 04:36:28 GMT" time="0.010" errors="0">
  <testcase name="tc1" time="0.010" classname="pkg1.CLass1"/>
</testsuite> <!-- pkg1.CLass1 -->
